mode: set
kvManager/pkg/storage/tarantool_repo.go:15.105,17.2 1 1
kvManager/pkg/storage/tarantool_repo.go:19.92,22.16 3 1
kvManager/pkg/storage/tarantool_repo.go:22.16,26.3 2 0
kvManager/pkg/storage/tarantool_repo.go:28.2,32.20 2 1
kvManager/pkg/storage/tarantool_repo.go:32.20,35.3 2 1
kvManager/pkg/storage/tarantool_repo.go:37.2,37.18 1 1
kvManager/pkg/storage/tarantool_repo.go:40.80,46.2 4 1
kvManager/pkg/storage/tarantool_repo.go:48.78,53.2 3 1
kvManager/pkg/storage/tarantool_repo.go:55.83,61.2 4 1
kvManager/pkg/storage/tarantool_repo.go:63.64,69.2 4 1
kvManager/pkg/handlers/api.go:35.71,38.9 3 1
kvManager/pkg/handlers/api.go:38.9,40.3 1 1
kvManager/pkg/handlers/api.go:42.2,44.16 3 1
kvManager/pkg/handlers/api.go:44.16,49.3 3 1
kvManager/pkg/handlers/api.go:51.2,53.35 2 1
kvManager/pkg/handlers/api.go:56.71,63.32 6 1
kvManager/pkg/handlers/api.go:63.32,65.3 1 1
kvManager/pkg/handlers/api.go:67.2,68.58 2 1
kvManager/pkg/handlers/api.go:68.58,72.17 3 1
kvManager/pkg/handlers/api.go:72.17,77.4 3 0
kvManager/pkg/handlers/api.go:80.2,81.16 2 1
kvManager/pkg/handlers/api.go:81.16,85.3 3 0
kvManager/pkg/handlers/api.go:87.2,91.15 4 1
kvManager/pkg/handlers/api.go:94.74,100.9 5 1
kvManager/pkg/handlers/api.go:100.9,102.3 1 1
kvManager/pkg/handlers/api.go:104.2,106.32 3 1
kvManager/pkg/handlers/api.go:106.32,108.3 1 1
kvManager/pkg/handlers/api.go:110.2,111.30 2 1
kvManager/pkg/handlers/api.go:114.74,121.32 6 1
kvManager/pkg/handlers/api.go:121.32,123.3 1 1
kvManager/pkg/handlers/api.go:125.2,126.37 2 1
kvManager/pkg/handlers/utils.go:12.77,13.57 1 1
kvManager/pkg/handlers/utils.go:13.57,18.3 3 1
kvManager/pkg/handlers/utils.go:18.8,18.23 1 1
kvManager/pkg/handlers/utils.go:18.23,23.3 3 0
kvManager/pkg/handlers/utils.go:24.2,24.14 1 1
kvManager/pkg/handlers/utils.go:27.106,30.31 3 1
kvManager/pkg/handlers/utils.go:30.31,32.10 2 1
kvManager/pkg/handlers/utils.go:32.10,35.4 2 0
kvManager/pkg/handlers/utils.go:37.3,37.61 1 1
kvManager/pkg/handlers/utils.go:37.61,40.18 3 0
kvManager/pkg/handlers/utils.go:40.18,45.5 2 0
kvManager/pkg/handlers/utils.go:46.4,46.36 1 0
kvManager/pkg/handlers/utils.go:47.9,49.4 1 1
kvManager/pkg/handlers/utils.go:51.2,52.20 2 1
kvManager/pkg/handlers/utils.go:55.101,58.16 3 1
kvManager/pkg/handlers/utils.go:58.16,64.3 3 0
kvManager/pkg/handlers/utils.go:65.2,69.16 4 1
kvManager/pkg/handlers/utils.go:69.16,76.3 3 1
kvManager/pkg/handlers/utils.go:77.2,79.20 2 1
